version: (200506)

available memory: 64M bytes
used memory: 73728 bytes [need 72K bytes if disable swap]

used block: 2 [memory(2) file(0)]
                 [ 8K(1) 64K(1) { total 72K bytes } ]
overhead: (9514) bytes for (2) blocks [Average: (4757) bytes/block]

write  => 0(times) 0K(bytes) [0K bytes to file]
read   => 1(times) 6K(bytes) [1K bytes compressed data from file]
access => 28913(times) 229M(bytes)
          [hit ratio: 99.9965%]

time: write(0) read(0)  unit: second

swap file directory: (/home/faculty/d/davidkebo/csce-714/2025-spring/demos/memory/sim.synopsys/verdiLog)
used swap file number: (1)



swap file manager:
arrSize: (256)
idxCnt: (4)
closeHead: (1)
closeTail: (2)
openCnt: (2)
fid(3): fd(0) fileName(/home/faculty/d/davidkebo/csce-714/2025-spring/demos/memory/sim.synopsys/simv.daidir/kdb.elab++/work.lib++/uvm_custom_install_verdi_recorder.sv.tdc)
	size(15414) lastModTime(1737258902) curModTime(1737258902)
	mode(rb)	hot(0) cool(0) pos(0)
fid(2): fd(24) fileName(/home/faculty/d/davidkebo/csce-714/2025-spring/demos/memory/sim.synopsys/verdiLog/_swap_0001#-1463809278#134353)
	size(0) lastModTime(0) curModTime(1737259917)
	mode(w+b)	hot(0) cool(1) pos(0)
fid(1): fd(1073741824) fileName(/home/faculty/d/davidkebo/csce-714/2025-spring/demos/memory/sim.synopsys/simv.daidir/kdb.elab++/work.lib++/testbench.sv.tdc)
	size(2842) lastModTime(1737258902) curModTime(1737258902)
	mode(rb)	hot(2) cool(0) pos(0)
fid(0): fd(0) fileName(NULL)
	mode(NULL)	hot(0) cool(0) pos(0)
==================================================
mySelf(0x1fdca300) pre(0x1e494100) next((nil))
version(200506)
date(Jan  4 2024 02:48:29)
